SF:lib\src\features\weather\data\api\current_weather\entities\temp_params.dart
DA:9,3
DA:21,1
DA:22,1
DA:24,0
DA:26,0
DA:28,0
DA:31,0
DA:35,0
DA:36,0
DA:37,0
DA:38,0
DA:41,0
DA:43,0
DA:44,0
DA:45,0
DA:46,0
LF:16
LH:3
end_of_record
SF:lib\src\features\weather\data\api\current_weather\entities\temp_params.g.dart
DA:9,2
DA:10,2
DA:11,2
DA:12,2
DA:13,1
DA:16,0
DA:17,0
DA:18,0
DA:19,0
DA:20,0
DA:21,0
LF:11
LH:5
end_of_record
SF:lib\src\features\weather\data\api\current_weather\entities\weather_info.dart
DA:7,3
DA:19,1
DA:20,1
DA:22,0
DA:24,0
DA:26,0
DA:29,0
DA:33,0
DA:34,0
DA:35,0
DA:36,0
DA:39,0
DA:41,0
LF:13
LH:3
end_of_record
SF:lib\src\features\weather\data\api\current_weather\entities\weather_info.g.dart
DA:9,2
DA:10,1
DA:11,1
DA:12,1
DA:13,1
DA:16,0
DA:17,0
DA:18,0
DA:19,0
DA:20,0
DA:21,0
LF:11
LH:5
end_of_record
SF:lib\src\features\weather\data\api\current_weather\entities\wind_param.dart
DA:7,3
DA:13,1
DA:14,1
DA:16,0
DA:18,0
DA:19,0
DA:21,0
DA:25,0
DA:28,0
DA:29,0
LF:10
LH:3
end_of_record
SF:lib\src\features\weather\data\api\current_weather\entities\wind_param.g.dart
DA:9,2
DA:10,2
DA:13,0
DA:14,0
LF:4
LH:2
end_of_record
SF:lib\src\features\weather\data\api\current_weather\response\weather_response.dart
DA:13,3
DA:25,1
DA:26,1
DA:29,0
DA:31,0
DA:33,0
DA:36,0
DA:41,0
DA:42,0
DA:43,0
DA:44,0
DA:47,0
DA:49,0
DA:50,0
DA:51,0
DA:52,0
LF:16
LH:3
end_of_record
SF:lib\src\features\weather\data\api\current_weather\response\weather_response.g.dart
DA:9,1
DA:10,1
DA:11,2
DA:12,1
DA:13,3
DA:14,1
DA:15,2
DA:16,1
DA:19,0
DA:20,0
DA:21,0
DA:22,0
DA:23,0
DA:24,0
LF:14
LH:8
end_of_record
SF:lib\src\features\weather\data\api\forecast_weather\response\forecast_weather_response.dart
DA:11,2
DA:17,0
DA:18,0
DA:21,0
DA:23,0
DA:24,0
DA:26,0
DA:31,0
DA:34,0
DA:35,0
LF:10
LH:1
end_of_record
SF:lib\src\features\weather\data\api\forecast_weather\response\forecast_weather_response.g.dart
DA:9,0
DA:11,0
DA:12,0
DA:13,0
DA:14,0
DA:17,0
DA:19,0
DA:20,0
LF:8
LH:0
end_of_record
SF:lib\src\features\weather\data\api\weather_api_manager.dart
DA:31,0
DA:33,0
DA:35,0
DA:41,0
LF:4
LH:0
end_of_record
SF:lib\src\features\weather\data\api\weather_api_manager.g.dart
DA:12,0
DA:16,0
DA:23,0
DA:30,0
DA:35,0
DA:36,0
DA:37,0
DA:38,0
DA:43,0
DA:44,0
DA:49,0
DA:50,0
DA:54,0
DA:61,0
DA:66,0
DA:67,0
DA:68,0
DA:69,0
DA:74,0
DA:75,0
DA:80,0
DA:81,0
DA:85,0
DA:86,0
DA:87,0
DA:88,0
DA:89,0
DA:90,0
DA:92,0
LF:29
LH:0
end_of_record
SF:lib\src\features\weather\data\repository\weather_repository_impl.dart
DA:16,0
DA:18,0
DA:22,0
DA:25,0
DA:30,0
DA:32,0
DA:36,0
DA:41,0
DA:42,0
DA:43,0
DA:44,0
DA:45,0
DA:54,0
DA:59,0
DA:63,0
DA:66,0
DA:71,0
DA:73,0
DA:77,0
DA:82,0
DA:83,0
DA:84,0
DA:85,0
DA:86,0
DA:95,0
LF:25
LH:0
end_of_record
SF:lib\src\config\failure.dart
DA:9,1
DA:30,1
DA:31,1
DA:32,0
DA:33,0
DA:34,0
DA:35,0
DA:36,0
DA:41,0
DA:42,0
DA:43,0
DA:44,0
DA:49,0
DA:50,0
DA:54,0
DA:55,0
DA:59,0
DA:60,0
DA:65,0
DA:72,1
LF:20
LH:4
end_of_record
SF:lib\src\config\weather_api.dart
DA:2,0
DA:13,0
DA:14,0
DA:19,0
DA:20,0
DA:25,0
DA:29,0
DA:32,0
DA:33,0
DA:38,0
DA:40,0
LF:11
LH:0
end_of_record
SF:lib\src\config\weather_theme\weather_theme.dart
DA:8,0
DA:9,0
DA:14,0
DA:19,0
DA:24,0
DA:28,0
DA:35,0
DA:36,0
DA:42,0
DA:44,0
LF:10
LH:0
end_of_record
SF:lib\src\config\injectable\injectable.dart
DA:7,0
DA:9,0
DA:15,0
LF:3
LH:0
end_of_record
SF:lib\src\config\weather_database\weather_database.dart
DA:5,0
DA:8,0
DA:10,0
DA:11,0
DA:12,0
DA:13,0
DA:16,0
DA:18,0
DA:19,0
DA:21,0
DA:23,0
LF:11
LH:0
end_of_record
SF:lib\src\config\injectable\injectable.config.dart
DA:18,0
DA:23,0
DA:28,0
DA:29,0
DA:30,0
LF:5
LH:0
end_of_record
SF:lib\src\features\weather\data\models\weather_data.dart
DA:6,1
DA:19,1
DA:20,1
DA:21,3
DA:22,3
DA:23,3
DA:24,3
DA:25,3
DA:26,3
DA:27,3
DA:28,3
DA:29,2
DA:30,2
DA:45,0
DA:47,0
DA:49,0
DA:52,1
DA:56,3
DA:57,3
DA:58,3
DA:59,3
DA:60,3
DA:61,3
DA:62,3
DA:63,3
DA:64,3
DA:65,3
DA:68,0
DA:70,0
DA:71,0
DA:72,0
DA:73,0
DA:74,0
DA:75,0
DA:76,0
DA:77,0
DA:78,0
DA:79,0
LF:38
LH:24
end_of_record
SF:lib\src\features\weather\presentation\controllers\weather_controller.dart
DA:9,1
DA:12,1
DA:13,2
DA:19,1
DA:20,1
DA:22,2
DA:24,1
DA:25,3
DA:26,1
DA:27,1
DA:29,4
DA:34,0
DA:35,0
DA:36,0
DA:37,0
DA:38,0
LF:16
LH:11
end_of_record
SF:lib\src\features\weather\presentation\components\search\city_search_box.dart
DA:7,0
DA:10,0
DA:13,0
DA:17,0
DA:18,0
DA:26,0
DA:28,0
DA:29,0
DA:32,0
DA:34,0
DA:35,0
DA:38,0
DA:40,0
DA:42,0
DA:44,0
DA:45,0
DA:46,0
DA:48,0
DA:49,0
DA:62,0
DA:63,0
DA:64,0
DA:69,0
DA:70,0
DA:73,0
DA:74,0
DA:80,0
DA:84,0
DA:86,0
DA:90,0
DA:91,0
DA:92,0
DA:93,0
LF:33
LH:0
end_of_record
SF:lib\src\utils\helpers.dart
DA:6,0
DA:7,0
DA:8,0
DA:9,0
DA:10,0
DA:13,0
DA:14,0
DA:17,0
DA:18,0
DA:21,0
DA:22,0
DA:25,0
LF:12
LH:0
end_of_record
SF:lib\src\utils\size_config.dart
DA:4,0
DA:5,0
DA:6,0
DA:7,0
DA:8,0
DA:10,0
DA:11,0
DA:12,0
DA:13,0
DA:15,0
DA:16,0
LF:11
LH:0
end_of_record
SF:lib\src\utils\temp_helper.dart
DA:2,1
DA:3,0
DA:4,0
DA:5,0
DA:6,0
DA:11,0
DA:13,0
DA:14,0
DA:16,1
DA:20,3
DA:23,0
DA:24,0
LF:12
LH:3
end_of_record
SF:lib\src\utils\utils_functions.dart
DA:4,0
DA:5,0
DA:6,0
DA:7,0
DA:8,0
DA:10,0
DA:16,0
DA:17,0
DA:18,0
DA:19,0
DA:20,0
DA:22,0
DA:28,0
DA:29,0
DA:30,0
DA:31,0
DA:32,0
DA:34,0
LF:18
LH:0
end_of_record
